<?xml version="1.0" encoding="UTF-8"?>
<testng-results skipped="0" failed="0" ignored="0" total="1" passed="1">
  <reporter-output>
  </reporter-output>
  <suite name="Suite" duration-ms="30655" started-at="2021-06-05T17:03:49Z" finished-at="2021-06-05T17:04:20Z">
    <groups>
    </groups>
    <test name="Test" duration-ms="30655" started-at="2021-06-05T17:03:49Z" finished-at="2021-06-05T17:04:20Z">
      <class name="com.facebook.tests.LoginTest">
        <test-method status="PASS" signature="performLogin()[pri:0, instance:com.facebook.tests.LoginTest@14ec4505]" name="performLogin" duration-ms="30627" started-at="2021-06-05T17:03:49Z" finished-at="2021-06-05T17:04:20Z">
          <reporter-output>
          </reporter-output>
        </test-method> <!-- performLogin -->
        <test-method status="PASS" signature="takeSreenshotOnFailure(org.testng.ITestResult)[pri:0, instance:com.facebook.tests.LoginTest@14ec4505]" name="takeSreenshotOnFailure" is-config="true" duration-ms="6" started-at="2021-06-05T17:04:20Z" finished-at="2021-06-05T17:04:20Z">
          <params>
            <param index="0">
              <value>
                <![CDATA[[TestResult name=performLogin status=SUCCESS method=LoginTest.performLogin()[pri:0, instance:com.facebook.tests.LoginTest@14ec4505] output={null}]]]>
              </value>
            </param>
          </params>
          <reporter-output>
          </reporter-output>
        </test-method> <!-- takeSreenshotOnFailure -->
      </class> <!-- com.facebook.tests.LoginTest -->
    </test> <!-- Test -->
  </suite> <!-- Suite -->
</testng-results>
